<?xml version="1.0" encoding="UTF-8"?>
<testsuite name="stringDrinkTest" tests="1" skipped="0" failures="0" errors="0" timestamp="2021-12-03T15:34:55" hostname="DESKTOP-JV0I9G3" time="0.026">
  <properties/>
  <testcase name="stringDrink()" classname="stringDrinkTest" time="0.026"/>
  <system-out><![CDATA[]]></system-out>
  <system-err><![CDATA[]]></system-err>
</testsuite>
